<?xml version="1.0" encoding="UTF-8"?>
<testng-results ignored="0" total="1" passed="0" failed="1" skipped="0">
  <reporter-output>
    <line>
      <![CDATA[-----------------------------------------------------------------------]]>
    </line>
    <line>
      <![CDATA[-------------------=---launchApplication--------------------------]]>
    </line>
    <line>
      <![CDATA[Application launched successfully]]>
    </line>
    <line>
      <![CDATA[-----------------------------------------------------------------------]]>
    </line>
    <line>
      <![CDATA[-----------------------------------------------------------------------]]>
    </line>
    <line>
      <![CDATA[----------------------loginToSynzeal function--------------------------]]>
    </line>
    <line>
      <![CDATA[login To Synzeal is successful]]>
    </line>
    <line>
      <![CDATA[-----------------------------------------------------------------------]]>
    </line>
    <line>
      <![CDATA[----------------------logoutSynzeal function--------------------------]]>
    </line>
  </reporter-output>
  <suite started-at="2023-07-25T13:32:49 IST" name="Suite" finished-at="2023-07-25T13:32:57 IST" duration-ms="8368">
    <groups>
    </groups>
    <test started-at="2023-07-25T13:32:49 IST" name="Test" finished-at="2023-07-25T13:32:57 IST" duration-ms="8368">
      <class name="com.sz.testcases.loginTest">
        <test-method is-config="true" signature="setup()[pri:0, instance:com.sz.testcases.loginTest@74d1dc36]" started-at="2023-07-25T13:32:41 IST" name="setup" finished-at="2023-07-25T13:32:49 IST" duration-ms="7716" status="PASS">
          <reporter-output>
          </reporter-output>
        </test-method> <!-- setup -->
        <test-method signature="loginTest()[pri:0, instance:com.sz.testcases.loginTest@74d1dc36]" started-at="2023-07-25T13:32:49 IST" name="loginTest" finished-at="2023-07-25T13:32:57 IST" duration-ms="8160" status="FAIL">
          <exception class="org.openqa.selenium.ElementClickInterceptedException">
            <message>
              <![CDATA[element click intercepted: Element <div class="arrow-down"></div> is not clickable at point (1326, 46). Other element would receive the click: <button class="Toastify__close-button Toastify__close-button--light" type="button" aria-label="close">...</button>
  (Session info: chrome=114.0.5735.248)
Build info: version: '4.4.0', revision: 'e5c75ed026a'
System info: host: 'DESKTOP-G79KVG2', ip: '192.168.1.9', os.name: 'Windows 10', os.arch: 'amd64', os.version: '10.0', java.version: '17.0.5'
Driver info: org.openqa.selenium.chrome.ChromeDriver
Command: [1ac9e238de38439853b152d256a96e14, clickElement {id=31DB72253D1AEDEF6D6D22501615C22F_element_30}]
Capabilities {acceptInsecureCerts: false, browserName: chrome, browserVersion: 114.0.5735.248, chrome: {chromedriverVersion: 114.0.5735.90 (386bc09e8f4f..., userDataDir: C:\Users\MAHESH~1\AppData\L...}, goog:chromeOptions: {debuggerAddress: localhost:61066}, networkConnectionEnabled: false, pageLoadStrategy: normal, platformName: WINDOWS, proxy: Proxy(), se:cdp: ws://localhost:61066/devtoo..., se:cdpVersion: 114.0.5735.248, setWindowRect: true, strictFileInteractability: false, timeouts: {implicit: 0, pageLoad: 300000, script: 30000}, unhandledPromptBehavior: dismiss and notify, webauthn:extension:credBlob: true, webauthn:extension:largeBlob: true, webauthn:extension:minPinLength: true, webauthn:extension:prf: true, webauthn:virtualAuthenticators: true}
Element: [[ChromeDriver: chrome on WINDOWS (1ac9e238de38439853b152d256a96e14)] -> xpath: //*[@id="page-header-user-dropdown"]/span/div[2]]
Session ID: 1ac9e238de38439853b152d256a96e14]]>
            </message>
            <full-stacktrace>
              <![CDATA[org.openqa.selenium.ElementClickInterceptedException: element click intercepted: Element <div class="arrow-down"></div> is not clickable at point (1326, 46). Other element would receive the click: <button class="Toastify__close-button Toastify__close-button--light" type="button" aria-label="close">...</button>
  (Session info: chrome=114.0.5735.248)
Build info: version: '4.4.0', revision: 'e5c75ed026a'
System info: host: 'DESKTOP-G79KVG2', ip: '192.168.1.9', os.name: 'Windows 10', os.arch: 'amd64', os.version: '10.0', java.version: '17.0.5'
Driver info: org.openqa.selenium.chrome.ChromeDriver
Command: [1ac9e238de38439853b152d256a96e14, clickElement {id=31DB72253D1AEDEF6D6D22501615C22F_element_30}]
Capabilities {acceptInsecureCerts: false, browserName: chrome, browserVersion: 114.0.5735.248, chrome: {chromedriverVersion: 114.0.5735.90 (386bc09e8f4f..., userDataDir: C:\Users\MAHESH~1\AppData\L...}, goog:chromeOptions: {debuggerAddress: localhost:61066}, networkConnectionEnabled: false, pageLoadStrategy: normal, platformName: WINDOWS, proxy: Proxy(), se:cdp: ws://localhost:61066/devtoo..., se:cdpVersion: 114.0.5735.248, setWindowRect: true, strictFileInteractability: false, timeouts: {implicit: 0, pageLoad: 300000, script: 30000}, unhandledPromptBehavior: dismiss and notify, webauthn:extension:credBlob: true, webauthn:extension:largeBlob: true, webauthn:extension:minPinLength: true, webauthn:extension:prf: true, webauthn:virtualAuthenticators: true}
Element: [[ChromeDriver: chrome on WINDOWS (1ac9e238de38439853b152d256a96e14)] -> xpath: //*[@id="page-header-user-dropdown"]/span/div[2]]
Session ID: 1ac9e238de38439853b152d256a96e14
at java.base/jdk.internal.reflect.NativeConstructorAccessorImpl.newInstance0(Native Method)
at java.base/jdk.internal.reflect.NativeConstructorAccessorImpl.newInstance(NativeConstructorAccessorImpl.java:77)
at java.base/jdk.internal.reflect.DelegatingConstructorAccessorImpl.newInstance(DelegatingConstructorAccessorImpl.java:45)
at java.base/java.lang.reflect.Constructor.newInstanceWithCaller(Constructor.java:499)
at java.base/java.lang.reflect.Constructor.newInstance(Constructor.java:480)
at org.openqa.selenium.remote.codec.w3c.W3CHttpResponseCodec.createException(W3CHttpResponseCodec.java:200)
at org.openqa.selenium.remote.codec.w3c.W3CHttpResponseCodec.decode(W3CHttpResponseCodec.java:133)
at org.openqa.selenium.remote.codec.w3c.W3CHttpResponseCodec.decode(W3CHttpResponseCodec.java:53)
at org.openqa.selenium.remote.HttpCommandExecutor.execute(HttpCommandExecutor.java:184)
at org.openqa.selenium.remote.service.DriverCommandExecutor.invokeExecute(DriverCommandExecutor.java:167)
at org.openqa.selenium.remote.service.DriverCommandExecutor.execute(DriverCommandExecutor.java:142)
at org.openqa.selenium.remote.RemoteWebDriver.execute(RemoteWebDriver.java:547)
at org.openqa.selenium.remote.RemoteWebElement.execute(RemoteWebElement.java:257)
at org.openqa.selenium.remote.RemoteWebElement.click(RemoteWebElement.java:78)
at com.sz.utilities.businessLibrary.logout(businessLibrary.java:57)
at com.sz.testcases.loginTest.loginTest(loginTest.java:32)
at java.base/jdk.internal.reflect.NativeMethodAccessorImpl.invoke0(Native Method)
at java.base/jdk.internal.reflect.NativeMethodAccessorImpl.invoke(NativeMethodAccessorImpl.java:77)
at java.base/jdk.internal.reflect.DelegatingMethodAccessorImpl.invoke(DelegatingMethodAccessorImpl.java:43)
at java.base/java.lang.reflect.Method.invoke(Method.java:568)
at org.testng.internal.invokers.MethodInvocationHelper.invokeMethod(MethodInvocationHelper.java:139)
at org.testng.internal.invokers.TestInvoker.invokeMethod(TestInvoker.java:677)
at org.testng.internal.invokers.TestInvoker.invokeTestMethod(TestInvoker.java:221)
at org.testng.internal.invokers.MethodRunner.runInSequence(MethodRunner.java:50)
at org.testng.internal.invokers.TestInvoker$MethodInvocationAgent.invoke(TestInvoker.java:969)
at org.testng.internal.invokers.TestInvoker.invokeTestMethods(TestInvoker.java:194)
at org.testng.internal.invokers.TestMethodWorker.invokeTestMethods(TestMethodWorker.java:148)
at org.testng.internal.invokers.TestMethodWorker.run(TestMethodWorker.java:128)
at java.base/java.util.ArrayList.forEach(ArrayList.java:1511)
at org.testng.TestRunner.privateRun(TestRunner.java:829)
at org.testng.TestRunner.run(TestRunner.java:602)
at org.testng.SuiteRunner.runTest(SuiteRunner.java:437)
at org.testng.SuiteRunner.runSequentially(SuiteRunner.java:431)
at org.testng.SuiteRunner.privateRun(SuiteRunner.java:391)
at org.testng.SuiteRunner.run(SuiteRunner.java:330)
at org.testng.SuiteRunnerWorker.runSuite(SuiteRunnerWorker.java:52)
at org.testng.SuiteRunnerWorker.run(SuiteRunnerWorker.java:95)
at org.testng.TestNG.runSuitesSequentially(TestNG.java:1256)
at org.testng.TestNG.runSuitesLocally(TestNG.java:1176)
at org.testng.TestNG.runSuites(TestNG.java:1099)
at org.testng.TestNG.run(TestNG.java:1067)
at org.testng.remote.AbstractRemoteTestNG.run(AbstractRemoteTestNG.java:115)
at org.testng.remote.RemoteTestNG.initAndRun(RemoteTestNG.java:251)
at org.testng.remote.RemoteTestNG.main(RemoteTestNG.java:77)
]]>
            </full-stacktrace>
          </exception> <!-- org.openqa.selenium.ElementClickInterceptedException -->
          <reporter-output>
            <line>
              <![CDATA[-----------------------------------------------------------------------]]>
            </line>
            <line>
              <![CDATA[-------------------=---launchApplication--------------------------]]>
            </line>
            <line>
              <![CDATA[Application launched successfully]]>
            </line>
            <line>
              <![CDATA[-----------------------------------------------------------------------]]>
            </line>
            <line>
              <![CDATA[-----------------------------------------------------------------------]]>
            </line>
            <line>
              <![CDATA[----------------------loginToSynzeal function--------------------------]]>
            </line>
            <line>
              <![CDATA[login To Synzeal is successful]]>
            </line>
            <line>
              <![CDATA[-----------------------------------------------------------------------]]>
            </line>
            <line>
              <![CDATA[----------------------logoutSynzeal function--------------------------]]>
            </line>
          </reporter-output>
        </test-method> <!-- loginTest -->
        <test-method is-config="true" signature="teardown()[pri:0, instance:com.sz.testcases.loginTest@74d1dc36]" started-at="2023-07-25T13:32:57 IST" name="teardown" finished-at="2023-07-25T13:32:58 IST" duration-ms="619" status="PASS">
          <reporter-output>
          </reporter-output>
        </test-method> <!-- teardown -->
      </class> <!-- com.sz.testcases.loginTest -->
    </test> <!-- Test -->
  </suite> <!-- Suite -->
</testng-results>
